INFO:root:called-params /local_data/sean_hasitha/sean/VJEPA/jepa/configs/evals/vitl16_48_regressor.yaml
INFO:root:loaded params...
{   'data': {   'dataset_train': '/local_data/sean_hasitha/sean/V_jepa_src/brainslice_48_regressor/metadata/IXI_train.csv',
                'dataset_type': 'VideoDataset',
                'dataset_val': '/local_data/sean_hasitha/sean/V_jepa_src/brainslice_48_regressor/metadata/IXI_test.csv',
                'frame_step': 4,
                'frames_per_clip': 16,
                'num_classes': 6,
                'num_segments': 1,
                'num_views_per_segment': 1},
    'eval_name': 'video_regression_frozen',
    'logging': {   'project': 'voxel-jepa-fine-tuning',
                   'run_name': 'vitl16_96_AD_class'},
    'nodes': 8,
    'optimization': {   'attend_across_segments': False,
                        'batch_size': 32,
                        'final_lr': 0.0,
                        'lr': 0.001,
                        'num_epochs': 150,
                        'resolution': 224,
                        'start_lr': 0.001,
                        'use_bfloat16': True,
                        'warmup': 0.0,
                        'weight_decay': 0.01},
    'pretrain': {   'checkpoint': 'vitl16.pth.tar',
                    'checkpoint_key': 'target_encoder',
                    'clip_duration': None,
                    'folder': '/local_data/sean_hasitha/sean/V_jepa_logs/32batchsize_vitl_96skip_scratch',
                    'frames_per_clip': 16,
                    'model_name': 'vit_large',
                    'patch_size': 16,
                    'tight_silu': False,
                    'tubelet_size': 2,
                    'uniform_power': True,
                    'use_sdpa': True,
                    'use_silu': False,
                    'write_tag': 'vitl16_96_AD_class'},
    'resume_checkpoint': False,
    'tag': 'vitl16_brainslice96_AD_class',
    'tasks_per_node': 8}
INFO:root:Running... (rank: 0/1)
wandb: Using wandb-core as the SDK backend.  Please refer to https://wandb.me/wandb-core for more information.
wandb: Tracking run with wandb version 0.19.9
wandb: W&B syncing is set to `offline` in this directory.  
wandb: Run `wandb online` or set WANDB_MODE=online to enable cloud syncing.
INFO:root:Running evaluation: video_regression_frozen
INFO:root:Initialized (rank/world-size) 0/1
INFO:root:Loading pretrained model from /local_data/sean_hasitha/sean/V_jepa_logs/32batchsize_vitl_96skip_scratch/vitl16.pth.tar
VisionTransformer(
  (patch_embed): PatchEmbed3D(
    (proj): Conv3d(3, 1024, kernel_size=(2, 16, 16), stride=(2, 16, 16))
  )
  (blocks): ModuleList(
    (0-23): 24 x Block(
      (norm1): LayerNorm((1024,), eps=1e-06, elementwise_affine=True)
      (attn): Attention(
        (qkv): Linear(in_features=1024, out_features=3072, bias=True)
        (attn_drop): Dropout(p=0.0, inplace=False)
        (proj): Linear(in_features=1024, out_features=1024, bias=True)
        (proj_drop): Dropout(p=0.0, inplace=False)
      )
      (norm2): LayerNorm((1024,), eps=1e-06, elementwise_affine=True)
      (mlp): MLP(
        (fc1): Linear(in_features=1024, out_features=4096, bias=True)
        (act): GELU(approximate='none')
        (fc2): Linear(in_features=4096, out_features=1024, bias=True)
        (drop): Dropout(p=0.0, inplace=False)
      )
    )
  )
  (norm): LayerNorm((1024,), eps=1e-06, elementwise_affine=True)
)
INFO:root:loaded pretrained model with msg: <All keys matched successfully>
INFO:root:loaded pretrained encoder from epoch: 300
 path: /local_data/sean_hasitha/sean/V_jepa_logs/32batchsize_vitl_96skip_scratch/vitl16.pth.tar
INFO:root:VideoDataset dataset created
INFO:root:VideoDataset unsupervised data loader created
INFO:root:VideoDataset dataset created
INFO:root:VideoDataset unsupervised data loader created
INFO:root:Dataloader created... iterations per epoch: 15
INFO:root:Using AdamW
/local_data/sean_hasitha/sean/VJEPA/jepa/evals/video_regression_frozen/eval.py:579: FutureWarning: `torch.cuda.amp.GradScaler(args...)` is deprecated. Please use `torch.amp.GradScaler('cuda', args...)` instead.
  scaler = torch.cuda.amp.GradScaler() if use_bfloat16 else None
INFO:root:Epoch 1
/local_data/sean_hasitha/miniconda3/envs/jepa/lib/python3.9/contextlib.py:87: FutureWarning: `torch.backends.cuda.sdp_kernel()` is deprecated. In the future, this context manager will be removed. Please see `torch.nn.attention.sdpa_kernel()` for the new context manager, with updated signature.
  self.gen = func(*args, **kwds)
INFO:root:[    0] Loss: 0.000, MAE: 46.531 [Mem: 3.13e+03]
INFO:root:[    0] Loss: 0.000, MAE: 25.094 [Mem: 3.23e+03]
INFO:root:[    1] train_loss: 0.000, train_mae: 19.672, val_loss: 0.000, val_mae: 31.109
INFO:root:Epoch 2
INFO:root:[    0] Loss: 0.000, MAE: 24.703 [Mem: 3.23e+03]
INFO:root:[    0] Loss: 0.000, MAE: 13.648 [Mem: 3.23e+03]
INFO:root:[    2] train_loss: 0.000, train_mae: 15.578, val_loss: 0.000, val_mae: 9.344
INFO:root:Epoch 3
INFO:root:[    0] Loss: 0.000, MAE: 17.062 [Mem: 3.23e+03]
INFO:root:[    0] Loss: 0.000, MAE: 12.422 [Mem: 3.23e+03]
INFO:root:[    3] train_loss: 0.000, train_mae: 14.648, val_loss: 0.000, val_mae: 8.820
INFO:root:Epoch 4
INFO:root:[    0] Loss: 0.000, MAE: 15.641 [Mem: 3.23e+03]
INFO:root:[    0] Loss: 0.000, MAE: 12.344 [Mem: 3.23e+03]
INFO:root:[    4] train_loss: 0.000, train_mae: 15.117, val_loss: 0.000, val_mae: 11.859
INFO:root:Epoch 5
INFO:root:[    0] Loss: 0.000, MAE: 15.344 [Mem: 3.23e+03]
INFO:root:[    0] Loss: 0.000, MAE: 11.023 [Mem: 3.23e+03]
INFO:root:[    5] train_loss: 0.000, train_mae: 15.508, val_loss: 0.000, val_mae: 9.016
INFO:root:Epoch 6
INFO:root:[    0] Loss: 0.000, MAE: 15.641 [Mem: 3.23e+03]
INFO:root:[    0] Loss: 0.000, MAE: 12.266 [Mem: 3.23e+03]
INFO:root:[    6] train_loss: 0.000, train_mae: 15.711, val_loss: 0.000, val_mae: 8.672
INFO:root:Epoch 7
INFO:root:[    0] Loss: 0.000, MAE: 14.922 [Mem: 3.23e+03]
INFO:root:[    0] Loss: 0.000, MAE: 9.891 [Mem: 3.23e+03]
INFO:root:[    7] train_loss: 0.000, train_mae: 15.070, val_loss: 0.000, val_mae: 10.008
INFO:root:Epoch 8
INFO:root:[    0] Loss: 0.000, MAE: 13.383 [Mem: 3.23e+03]
INFO:root:[    0] Loss: 0.000, MAE: 8.609 [Mem: 3.23e+03]
INFO:root:[    8] train_loss: 0.000, train_mae: 14.289, val_loss: 0.000, val_mae: 10.883
INFO:root:Epoch 9
INFO:root:[    0] Loss: 0.000, MAE: 14.211 [Mem: 3.23e+03]
INFO:root:[    0] Loss: 0.000, MAE: 16.750 [Mem: 3.23e+03]
INFO:root:[    9] train_loss: 0.000, train_mae: 18.094, val_loss: 0.000, val_mae: 13.039
INFO:root:Epoch 10
INFO:root:[    0] Loss: 0.000, MAE: 21.203 [Mem: 3.23e+03]
INFO:root:[    0] Loss: 0.000, MAE: 10.242 [Mem: 3.23e+03]
INFO:root:[   10] train_loss: 0.000, train_mae: 10.492, val_loss: 0.000, val_mae: 12.469
INFO:root:Epoch 11
INFO:root:[    0] Loss: 0.000, MAE: 11.922 [Mem: 3.23e+03]
INFO:root:[    0] Loss: 0.000, MAE: 11.102 [Mem: 3.23e+03]
INFO:root:[   11] train_loss: 0.000, train_mae: 12.812, val_loss: 0.000, val_mae: 13.445
INFO:root:Epoch 12
INFO:root:[    0] Loss: 0.000, MAE: 13.742 [Mem: 3.23e+03]
INFO:root:[    0] Loss: 0.000, MAE: 9.141 [Mem: 3.23e+03]
INFO:root:[   12] train_loss: 0.000, train_mae: 11.641, val_loss: 0.000, val_mae: 9.828
INFO:root:Epoch 13
INFO:root:[    0] Loss: 0.000, MAE: 15.648 [Mem: 3.23e+03]
INFO:root:[    0] Loss: 0.000, MAE: 8.852 [Mem: 3.23e+03]
INFO:root:[   13] train_loss: 0.000, train_mae: 10.938, val_loss: 0.000, val_mae: 10.031
INFO:root:Epoch 14
INFO:root:[    0] Loss: 0.000, MAE: 12.789 [Mem: 3.23e+03]
INFO:root:[    0] Loss: 0.000, MAE: 10.008 [Mem: 3.23e+03]
INFO:root:[   14] train_loss: 0.000, train_mae: 11.133, val_loss: 0.000, val_mae: 12.000
INFO:root:Epoch 15
INFO:root:[    0] Loss: 0.000, MAE: 15.297 [Mem: 3.23e+03]
INFO:root:[    0] Loss: 0.000, MAE: 9.367 [Mem: 3.23e+03]
INFO:root:[   15] train_loss: 0.000, train_mae: 13.930, val_loss: 0.000, val_mae: 8.297
INFO:root:Epoch 16
INFO:root:[    0] Loss: 0.000, MAE: 15.602 [Mem: 3.23e+03]
INFO:root:[    0] Loss: 0.000, MAE: 8.008 [Mem: 3.23e+03]
INFO:root:[   16] train_loss: 0.000, train_mae: 11.812, val_loss: 0.000, val_mae: 11.039
INFO:root:Epoch 17
INFO:root:[    0] Loss: 0.000, MAE: 11.633 [Mem: 3.23e+03]
INFO:root:[    0] Loss: 0.000, MAE: 8.812 [Mem: 3.23e+03]
INFO:root:[   17] train_loss: 0.000, train_mae: 12.289, val_loss: 0.000, val_mae: 8.031
INFO:root:Epoch 18
INFO:root:[    0] Loss: 0.000, MAE: 10.305 [Mem: 3.23e+03]
INFO:root:[    0] Loss: 0.000, MAE: 8.641 [Mem: 3.23e+03]
INFO:root:[   18] train_loss: 0.000, train_mae: 13.984, val_loss: 0.000, val_mae: 8.156
INFO:root:Epoch 19
INFO:root:[    0] Loss: 0.000, MAE: 13.484 [Mem: 3.23e+03]
INFO:root:[    0] Loss: 0.000, MAE: 7.953 [Mem: 3.23e+03]
INFO:root:[   19] train_loss: 0.000, train_mae: 10.305, val_loss: 0.000, val_mae: 12.344
INFO:root:Epoch 20
INFO:root:[    0] Loss: 0.000, MAE: 12.812 [Mem: 3.23e+03]
INFO:root:[    0] Loss: 0.000, MAE: 9.977 [Mem: 3.23e+03]
INFO:root:[   20] train_loss: 0.000, train_mae: 11.781, val_loss: 0.000, val_mae: 13.672
INFO:root:Epoch 21
INFO:root:[    0] Loss: 0.000, MAE: 13.086 [Mem: 3.23e+03]
INFO:root:[    0] Loss: 0.000, MAE: 8.078 [Mem: 3.23e+03]
INFO:root:[   21] train_loss: 0.000, train_mae: 9.625, val_loss: 0.000, val_mae: 9.727
INFO:root:Epoch 22
INFO:root:[    0] Loss: 0.000, MAE: 9.344 [Mem: 3.23e+03]
INFO:root:[    0] Loss: 0.000, MAE: 10.633 [Mem: 3.23e+03]
INFO:root:[   22] train_loss: 0.000, train_mae: 11.430, val_loss: 0.000, val_mae: 10.438
INFO:root:Epoch 23
INFO:root:[    0] Loss: 0.000, MAE: 12.820 [Mem: 3.23e+03]
INFO:root:[    0] Loss: 0.000, MAE: 8.070 [Mem: 3.23e+03]
INFO:root:[   23] train_loss: 0.000, train_mae: 12.359, val_loss: 0.000, val_mae: 10.234
INFO:root:Epoch 24
INFO:root:[    0] Loss: 0.000, MAE: 12.320 [Mem: 3.23e+03]
INFO:root:[    0] Loss: 0.000, MAE: 9.398 [Mem: 3.23e+03]
INFO:root:[   24] train_loss: 0.000, train_mae: 14.086, val_loss: 0.000, val_mae: 12.664
INFO:root:Epoch 25
INFO:root:[    0] Loss: 0.000, MAE: 13.391 [Mem: 3.23e+03]
INFO:root:[    0] Loss: 0.000, MAE: 9.188 [Mem: 3.23e+03]
INFO:root:[   25] train_loss: 0.000, train_mae: 11.141, val_loss: 0.000, val_mae: 10.195
INFO:root:Epoch 26
INFO:root:[    0] Loss: 0.000, MAE: 16.406 [Mem: 3.23e+03]
INFO:root:[    0] Loss: 0.000, MAE: 9.625 [Mem: 3.23e+03]
INFO:root:[   26] train_loss: 0.000, train_mae: 11.867, val_loss: 0.000, val_mae: 8.844
INFO:root:Epoch 27
INFO:root:[    0] Loss: 0.000, MAE: 14.719 [Mem: 3.23e+03]
INFO:root:[    0] Loss: 0.000, MAE: 7.422 [Mem: 3.23e+03]
INFO:root:[   27] train_loss: 0.000, train_mae: 11.062, val_loss: 0.000, val_mae: 10.125
INFO:root:Epoch 28
INFO:root:[    0] Loss: 0.000, MAE: 10.828 [Mem: 3.23e+03]
INFO:root:[    0] Loss: 0.000, MAE: 7.719 [Mem: 3.23e+03]
INFO:root:[   28] train_loss: 0.000, train_mae: 11.523, val_loss: 0.000, val_mae: 9.672
INFO:root:Epoch 29
INFO:root:[    0] Loss: 0.000, MAE: 12.367 [Mem: 3.23e+03]
INFO:root:[    0] Loss: 0.000, MAE: 7.879 [Mem: 3.23e+03]
INFO:root:[   29] train_loss: 0.000, train_mae: 9.438, val_loss: 0.000, val_mae: 10.133
INFO:root:Epoch 30
INFO:root:[    0] Loss: 0.000, MAE: 10.758 [Mem: 3.23e+03]
INFO:root:[    0] Loss: 0.000, MAE: 8.445 [Mem: 3.23e+03]
INFO:root:[   30] train_loss: 0.000, train_mae: 11.297, val_loss: 0.000, val_mae: 10.836
INFO:root:Epoch 31
INFO:root:[    0] Loss: 0.000, MAE: 13.930 [Mem: 3.23e+03]
INFO:root:[    0] Loss: 0.000, MAE: 6.891 [Mem: 3.23e+03]
INFO:root:[   31] train_loss: 0.000, train_mae: 13.156, val_loss: 0.000, val_mae: 9.219
INFO:root:Epoch 32
INFO:root:[    0] Loss: 0.000, MAE: 11.812 [Mem: 3.23e+03]
INFO:root:[    0] Loss: 0.000, MAE: 7.020 [Mem: 3.23e+03]
INFO:root:[   32] train_loss: 0.000, train_mae: 11.727, val_loss: 0.000, val_mae: 10.156
INFO:root:Epoch 33
INFO:root:[    0] Loss: 0.000, MAE: 11.039 [Mem: 3.23e+03]
INFO:root:[    0] Loss: 0.000, MAE: 8.172 [Mem: 3.23e+03]
INFO:root:[   33] train_loss: 0.000, train_mae: 10.234, val_loss: 0.000, val_mae: 11.539
INFO:root:Epoch 34
INFO:root:[    0] Loss: 0.000, MAE: 12.500 [Mem: 3.23e+03]
INFO:root:[    0] Loss: 0.000, MAE: 6.805 [Mem: 3.23e+03]
INFO:root:[   34] train_loss: 0.000, train_mae: 11.734, val_loss: 0.000, val_mae: 8.914
INFO:root:Epoch 35
INFO:root:[    0] Loss: 0.000, MAE: 12.375 [Mem: 3.23e+03]
INFO:root:[    0] Loss: 0.000, MAE: 8.422 [Mem: 3.23e+03]
INFO:root:[   35] train_loss: 0.000, train_mae: 11.969, val_loss: 0.000, val_mae: 11.617
INFO:root:Epoch 36
INFO:root:[    0] Loss: 0.000, MAE: 14.773 [Mem: 3.23e+03]
INFO:root:[    0] Loss: 0.000, MAE: 8.297 [Mem: 3.23e+03]
INFO:root:[   36] train_loss: 0.000, train_mae: 11.953, val_loss: 0.000, val_mae: 11.500
INFO:root:Epoch 37
INFO:root:[    0] Loss: 0.000, MAE: 12.055 [Mem: 3.23e+03]
INFO:root:[    0] Loss: 0.000, MAE: 6.895 [Mem: 3.23e+03]
INFO:root:[   37] train_loss: 0.000, train_mae: 9.234, val_loss: 0.000, val_mae: 10.695
INFO:root:Epoch 38
INFO:root:[    0] Loss: 0.000, MAE: 10.039 [Mem: 3.23e+03]
INFO:root:[    0] Loss: 0.000, MAE: 6.281 [Mem: 3.23e+03]
INFO:root:[   38] train_loss: 0.000, train_mae: 9.367, val_loss: 0.000, val_mae: 8.719
INFO:root:Epoch 39
INFO:root:[    0] Loss: 0.000, MAE: 12.422 [Mem: 3.23e+03]
INFO:root:[    0] Loss: 0.000, MAE: 7.613 [Mem: 3.23e+03]
INFO:root:[   39] train_loss: 0.000, train_mae: 11.578, val_loss: 0.000, val_mae: 8.000
INFO:root:Epoch 40
INFO:root:[    0] Loss: 0.000, MAE: 11.711 [Mem: 3.23e+03]
INFO:root:[    0] Loss: 0.000, MAE: 8.602 [Mem: 3.23e+03]
INFO:root:[   40] train_loss: 0.000, train_mae: 7.926, val_loss: 0.000, val_mae: 10.961
INFO:root:Epoch 41
INFO:root:[    0] Loss: 0.000, MAE: 11.672 [Mem: 3.23e+03]
INFO:root:[    0] Loss: 0.000, MAE: 7.430 [Mem: 3.23e+03]
INFO:root:[   41] train_loss: 0.000, train_mae: 11.312, val_loss: 0.000, val_mae: 8.648
INFO:root:Epoch 42
INFO:root:[    0] Loss: 0.000, MAE: 12.719 [Mem: 3.23e+03]
INFO:root:[    0] Loss: 0.000, MAE: 7.520 [Mem: 3.23e+03]
INFO:root:[   42] train_loss: 0.000, train_mae: 10.992, val_loss: 0.000, val_mae: 9.117
INFO:root:Epoch 43
INFO:root:[    0] Loss: 0.000, MAE: 10.766 [Mem: 3.23e+03]
INFO:root:[    0] Loss: 0.000, MAE: 6.848 [Mem: 3.23e+03]
INFO:root:[   43] train_loss: 0.000, train_mae: 11.789, val_loss: 0.000, val_mae: 8.016
INFO:root:Epoch 44
INFO:root:[    0] Loss: 0.000, MAE: 12.891 [Mem: 3.23e+03]
INFO:root:[    0] Loss: 0.000, MAE: 6.453 [Mem: 3.23e+03]
INFO:root:[   44] train_loss: 0.000, train_mae: 10.961, val_loss: 0.000, val_mae: 9.492
INFO:root:Epoch 45
INFO:root:[    0] Loss: 0.000, MAE: 10.398 [Mem: 3.23e+03]
INFO:root:[    0] Loss: 0.000, MAE: 6.965 [Mem: 3.23e+03]
INFO:root:[   45] train_loss: 0.000, train_mae: 12.461, val_loss: 0.000, val_mae: 9.703
INFO:root:Epoch 46
INFO:root:[    0] Loss: 0.000, MAE: 10.562 [Mem: 3.23e+03]
INFO:root:[    0] Loss: 0.000, MAE: 6.879 [Mem: 3.23e+03]
INFO:root:[   46] train_loss: 0.000, train_mae: 10.742, val_loss: 0.000, val_mae: 8.117
INFO:root:Epoch 47
INFO:root:[    0] Loss: 0.000, MAE: 10.578 [Mem: 3.23e+03]
INFO:root:[    0] Loss: 0.000, MAE: 6.887 [Mem: 3.23e+03]
INFO:root:[   47] train_loss: 0.000, train_mae: 8.930, val_loss: 0.000, val_mae: 8.367
INFO:root:Epoch 48
INFO:root:[    0] Loss: 0.000, MAE: 11.641 [Mem: 3.23e+03]
INFO:root:[    0] Loss: 0.000, MAE: 6.289 [Mem: 3.23e+03]
INFO:root:[   48] train_loss: 0.000, train_mae: 11.875, val_loss: 0.000, val_mae: 8.914
INFO:root:Epoch 49
INFO:root:[    0] Loss: 0.000, MAE: 11.609 [Mem: 3.23e+03]
INFO:root:[    0] Loss: 0.000, MAE: 7.145 [Mem: 3.23e+03]
INFO:root:[   49] train_loss: 0.000, train_mae: 9.680, val_loss: 0.000, val_mae: 9.062
INFO:root:Epoch 50
INFO:root:[    0] Loss: 0.000, MAE: 9.992 [Mem: 3.23e+03]
INFO:root:[    0] Loss: 0.000, MAE: 6.363 [Mem: 3.23e+03]
INFO:root:[   50] train_loss: 0.000, train_mae: 9.500, val_loss: 0.000, val_mae: 9.750
INFO:root:Epoch 51
INFO:root:[    0] Loss: 0.000, MAE: 10.758 [Mem: 3.23e+03]
INFO:root:[    0] Loss: 0.000, MAE: 6.930 [Mem: 3.23e+03]
INFO:root:[   51] train_loss: 0.000, train_mae: 11.477, val_loss: 0.000, val_mae: 9.234
INFO:root:Epoch 52
INFO:root:[    0] Loss: 0.000, MAE: 10.891 [Mem: 3.23e+03]
INFO:root:[    0] Loss: 0.000, MAE: 8.664 [Mem: 3.23e+03]
INFO:root:[   52] train_loss: 0.000, train_mae: 10.844, val_loss: 0.000, val_mae: 10.453
INFO:root:Epoch 53
INFO:root:[    0] Loss: 0.000, MAE: 9.516 [Mem: 3.23e+03]
INFO:root:[    0] Loss: 0.000, MAE: 6.609 [Mem: 3.23e+03]
INFO:root:[   53] train_loss: 0.000, train_mae: 10.539, val_loss: 0.000, val_mae: 8.141
INFO:root:Epoch 54
INFO:root:[    0] Loss: 0.000, MAE: 9.758 [Mem: 3.23e+03]
INFO:root:[    0] Loss: 0.000, MAE: 6.586 [Mem: 3.23e+03]
INFO:root:[   54] train_loss: 0.000, train_mae: 12.047, val_loss: 0.000, val_mae: 8.594
INFO:root:Epoch 55
INFO:root:[    0] Loss: 0.000, MAE: 9.086 [Mem: 3.23e+03]
INFO:root:[    0] Loss: 0.000, MAE: 6.711 [Mem: 3.23e+03]
INFO:root:[   55] train_loss: 0.000, train_mae: 11.906, val_loss: 0.000, val_mae: 8.234
INFO:root:Epoch 56
INFO:root:[    0] Loss: 0.000, MAE: 10.922 [Mem: 3.23e+03]
INFO:root:[    0] Loss: 0.000, MAE: 8.000 [Mem: 3.23e+03]
INFO:root:[   56] train_loss: 0.000, train_mae: 9.508, val_loss: 0.000, val_mae: 9.758
INFO:root:Epoch 57
INFO:root:[    0] Loss: 0.000, MAE: 11.664 [Mem: 3.23e+03]
INFO:root:[    0] Loss: 0.000, MAE: 6.852 [Mem: 3.23e+03]
INFO:root:[   57] train_loss: 0.000, train_mae: 11.367, val_loss: 0.000, val_mae: 7.270
INFO:root:Epoch 58
INFO:root:[    0] Loss: 0.000, MAE: 10.625 [Mem: 3.23e+03]
INFO:root:[    0] Loss: 0.000, MAE: 9.109 [Mem: 3.23e+03]
INFO:root:[   58] train_loss: 0.000, train_mae: 10.992, val_loss: 0.000, val_mae: 9.203
INFO:root:Epoch 59
INFO:root:[    0] Loss: 0.000, MAE: 12.742 [Mem: 3.23e+03]
INFO:root:[    0] Loss: 0.000, MAE: 5.703 [Mem: 3.23e+03]
INFO:root:[   59] train_loss: 0.000, train_mae: 10.961, val_loss: 0.000, val_mae: 7.117
INFO:root:Epoch 60
INFO:root:[    0] Loss: 0.000, MAE: 10.094 [Mem: 3.23e+03]
INFO:root:[    0] Loss: 0.000, MAE: 6.242 [Mem: 3.23e+03]
INFO:root:[   60] train_loss: 0.000, train_mae: 11.070, val_loss: 0.000, val_mae: 7.594
INFO:root:Epoch 61
INFO:root:[    0] Loss: 0.000, MAE: 9.938 [Mem: 3.23e+03]
INFO:root:[    0] Loss: 0.000, MAE: 5.574 [Mem: 3.23e+03]
INFO:root:[   61] train_loss: 0.000, train_mae: 10.219, val_loss: 0.000, val_mae: 6.965
INFO:root:Epoch 62
INFO:root:[    0] Loss: 0.000, MAE: 9.227 [Mem: 3.23e+03]
INFO:root:[    0] Loss: 0.000, MAE: 7.359 [Mem: 3.23e+03]
INFO:root:[   62] train_loss: 0.000, train_mae: 10.352, val_loss: 0.000, val_mae: 7.609
INFO:root:Epoch 63
INFO:root:[    0] Loss: 0.000, MAE: 10.633 [Mem: 3.23e+03]
INFO:root:[    0] Loss: 0.000, MAE: 6.375 [Mem: 3.23e+03]
INFO:root:[   63] train_loss: 0.000, train_mae: 8.648, val_loss: 0.000, val_mae: 8.180
INFO:root:Epoch 64
INFO:root:[    0] Loss: 0.000, MAE: 10.516 [Mem: 3.23e+03]
INFO:root:[    0] Loss: 0.000, MAE: 6.375 [Mem: 3.23e+03]
INFO:root:[   64] train_loss: 0.000, train_mae: 12.641, val_loss: 0.000, val_mae: 9.008
INFO:root:Epoch 65
INFO:root:[    0] Loss: 0.000, MAE: 9.641 [Mem: 3.23e+03]
INFO:root:[    0] Loss: 0.000, MAE: 6.086 [Mem: 3.23e+03]
INFO:root:[   65] train_loss: 0.000, train_mae: 8.133, val_loss: 0.000, val_mae: 8.930
INFO:root:Epoch 66
INFO:root:[    0] Loss: 0.000, MAE: 10.086 [Mem: 3.23e+03]
INFO:root:[    0] Loss: 0.000, MAE: 6.410 [Mem: 3.23e+03]
INFO:root:[   66] train_loss: 0.000, train_mae: 8.578, val_loss: 0.000, val_mae: 9.391
INFO:root:Epoch 67
INFO:root:[    0] Loss: 0.000, MAE: 10.641 [Mem: 3.23e+03]
INFO:root:[    0] Loss: 0.000, MAE: 9.984 [Mem: 3.23e+03]
INFO:root:[   67] train_loss: 0.000, train_mae: 9.945, val_loss: 0.000, val_mae: 11.727
INFO:root:Epoch 68
INFO:root:[    0] Loss: 0.000, MAE: 10.562 [Mem: 3.23e+03]
INFO:root:[    0] Loss: 0.000, MAE: 7.359 [Mem: 3.23e+03]
INFO:root:[   68] train_loss: 0.000, train_mae: 11.031, val_loss: 0.000, val_mae: 8.742
INFO:root:Epoch 69
INFO:root:[    0] Loss: 0.000, MAE: 12.320 [Mem: 3.23e+03]
INFO:root:[    0] Loss: 0.000, MAE: 6.219 [Mem: 3.23e+03]
INFO:root:[   69] train_loss: 0.000, train_mae: 12.922, val_loss: 0.000, val_mae: 8.930
INFO:root:Epoch 70
INFO:root:[    0] Loss: 0.000, MAE: 11.516 [Mem: 3.23e+03]
INFO:root:[    0] Loss: 0.000, MAE: 5.555 [Mem: 3.23e+03]
INFO:root:[   70] train_loss: 0.000, train_mae: 8.609, val_loss: 0.000, val_mae: 8.180
INFO:root:Epoch 71
INFO:root:[    0] Loss: 0.000, MAE: 10.156 [Mem: 3.23e+03]
INFO:root:[    0] Loss: 0.000, MAE: 4.949 [Mem: 3.23e+03]
INFO:root:[   71] train_loss: 0.000, train_mae: 10.141, val_loss: 0.000, val_mae: 7.324
INFO:root:Epoch 72
INFO:root:[    0] Loss: 0.000, MAE: 10.039 [Mem: 3.23e+03]
INFO:root:[    0] Loss: 0.000, MAE: 6.801 [Mem: 3.23e+03]
INFO:root:[   72] train_loss: 0.000, train_mae: 7.270, val_loss: 0.000, val_mae: 8.828
INFO:root:Epoch 73
INFO:root:[    0] Loss: 0.000, MAE: 8.938 [Mem: 3.23e+03]
INFO:root:[    0] Loss: 0.000, MAE: 5.656 [Mem: 3.23e+03]
INFO:root:[   73] train_loss: 0.000, train_mae: 10.508, val_loss: 0.000, val_mae: 7.832
INFO:root:Epoch 74
INFO:root:[    0] Loss: 0.000, MAE: 10.016 [Mem: 3.23e+03]
INFO:root:[    0] Loss: 0.000, MAE: 6.090 [Mem: 3.23e+03]
INFO:root:[   74] train_loss: 0.000, train_mae: 10.164, val_loss: 0.000, val_mae: 8.812
INFO:root:Epoch 75
INFO:root:[    0] Loss: 0.000, MAE: 12.375 [Mem: 3.23e+03]
INFO:root:[    0] Loss: 0.000, MAE: 6.645 [Mem: 3.23e+03]
INFO:root:[   75] train_loss: 0.000, train_mae: 8.852, val_loss: 0.000, val_mae: 7.742
INFO:root:Epoch 76
INFO:root:[    0] Loss: 0.000, MAE: 11.094 [Mem: 3.23e+03]
INFO:root:[    0] Loss: 0.000, MAE: 5.859 [Mem: 3.23e+03]
INFO:root:[   76] train_loss: 0.000, train_mae: 11.117, val_loss: 0.000, val_mae: 7.434
INFO:root:Epoch 77
INFO:root:[    0] Loss: 0.000, MAE: 11.492 [Mem: 3.23e+03]
INFO:root:[    0] Loss: 0.000, MAE: 5.637 [Mem: 3.23e+03]
INFO:root:[   77] train_loss: 0.000, train_mae: 10.469, val_loss: 0.000, val_mae: 8.109
INFO:root:Epoch 78
INFO:root:[    0] Loss: 0.000, MAE: 11.906 [Mem: 3.23e+03]
INFO:root:[    0] Loss: 0.000, MAE: 5.523 [Mem: 3.23e+03]
INFO:root:[   78] train_loss: 0.000, train_mae: 11.391, val_loss: 0.000, val_mae: 8.016
INFO:root:Epoch 79
INFO:root:[    0] Loss: 0.000, MAE: 10.055 [Mem: 3.23e+03]
INFO:root:[    0] Loss: 0.000, MAE: 5.711 [Mem: 3.23e+03]
INFO:root:[   79] train_loss: 0.000, train_mae: 11.258, val_loss: 0.000, val_mae: 8.305
INFO:root:Epoch 80
INFO:root:[    0] Loss: 0.000, MAE: 13.039 [Mem: 3.23e+03]
INFO:root:[    0] Loss: 0.000, MAE: 6.801 [Mem: 3.23e+03]
INFO:root:[   80] train_loss: 0.000, train_mae: 10.867, val_loss: 0.000, val_mae: 8.359
INFO:root:Epoch 81
INFO:root:[    0] Loss: 0.000, MAE: 11.594 [Mem: 3.23e+03]
INFO:root:[    0] Loss: 0.000, MAE: 5.980 [Mem: 3.23e+03]
INFO:root:[   81] train_loss: 0.000, train_mae: 11.430, val_loss: 0.000, val_mae: 7.340
INFO:root:Epoch 82
INFO:root:[    0] Loss: 0.000, MAE: 10.500 [Mem: 3.23e+03]
INFO:root:[    0] Loss: 0.000, MAE: 6.152 [Mem: 3.23e+03]
INFO:root:[   82] train_loss: 0.000, train_mae: 10.461, val_loss: 0.000, val_mae: 8.375
INFO:root:Epoch 83
INFO:root:[    0] Loss: 0.000, MAE: 8.594 [Mem: 3.23e+03]
INFO:root:[    0] Loss: 0.000, MAE: 5.375 [Mem: 3.23e+03]
INFO:root:[   83] train_loss: 0.000, train_mae: 11.016, val_loss: 0.000, val_mae: 7.535
INFO:root:Epoch 84
INFO:root:[    0] Loss: 0.000, MAE: 10.203 [Mem: 3.23e+03]
INFO:root:[    0] Loss: 0.000, MAE: 5.789 [Mem: 3.23e+03]
INFO:root:[   84] train_loss: 0.000, train_mae: 10.414, val_loss: 0.000, val_mae: 7.246
INFO:root:Epoch 85
INFO:root:[    0] Loss: 0.000, MAE: 10.312 [Mem: 3.23e+03]
INFO:root:[    0] Loss: 0.000, MAE: 5.691 [Mem: 3.23e+03]
INFO:root:[   85] train_loss: 0.000, train_mae: 10.273, val_loss: 0.000, val_mae: 8.102
INFO:root:Epoch 86
INFO:root:[    0] Loss: 0.000, MAE: 10.914 [Mem: 3.23e+03]
INFO:root:[    0] Loss: 0.000, MAE: 5.590 [Mem: 3.23e+03]
INFO:root:[   86] train_loss: 0.000, train_mae: 6.598, val_loss: 0.000, val_mae: 8.188
INFO:root:Epoch 87
INFO:root:[    0] Loss: 0.000, MAE: 8.688 [Mem: 3.23e+03]
INFO:root:[    0] Loss: 0.000, MAE: 5.465 [Mem: 3.23e+03]
INFO:root:[   87] train_loss: 0.000, train_mae: 11.141, val_loss: 0.000, val_mae: 7.008
INFO:root:Epoch 88
INFO:root:[    0] Loss: 0.000, MAE: 9.328 [Mem: 3.23e+03]
INFO:root:[    0] Loss: 0.000, MAE: 5.094 [Mem: 3.23e+03]
INFO:root:[   88] train_loss: 0.000, train_mae: 11.172, val_loss: 0.000, val_mae: 7.320
INFO:root:Epoch 89
INFO:root:[    0] Loss: 0.000, MAE: 10.492 [Mem: 3.23e+03]
INFO:root:[    0] Loss: 0.000, MAE: 7.371 [Mem: 3.23e+03]
INFO:root:[   89] train_loss: 0.000, train_mae: 8.258, val_loss: 0.000, val_mae: 7.012
INFO:root:Epoch 90
INFO:root:[    0] Loss: 0.000, MAE: 12.109 [Mem: 3.23e+03]
INFO:root:[    0] Loss: 0.000, MAE: 5.582 [Mem: 3.23e+03]
INFO:root:[   90] train_loss: 0.000, train_mae: 10.352, val_loss: 0.000, val_mae: 6.906
INFO:root:Epoch 91
INFO:root:[    0] Loss: 0.000, MAE: 8.617 [Mem: 3.23e+03]
INFO:root:[    0] Loss: 0.000, MAE: 5.469 [Mem: 3.23e+03]
INFO:root:[   91] train_loss: 0.000, train_mae: 11.141, val_loss: 0.000, val_mae: 7.027
INFO:root:Epoch 92
INFO:root:[    0] Loss: 0.000, MAE: 12.312 [Mem: 3.23e+03]
INFO:root:[    0] Loss: 0.000, MAE: 5.703 [Mem: 3.23e+03]
INFO:root:[   92] train_loss: 0.000, train_mae: 9.531, val_loss: 0.000, val_mae: 7.211
INFO:root:Epoch 93
INFO:root:[    0] Loss: 0.000, MAE: 10.438 [Mem: 3.23e+03]
INFO:root:[    0] Loss: 0.000, MAE: 5.152 [Mem: 3.23e+03]
INFO:root:[   93] train_loss: 0.000, train_mae: 9.633, val_loss: 0.000, val_mae: 6.164
INFO:root:Epoch 94
INFO:root:[    0] Loss: 0.000, MAE: 12.641 [Mem: 3.23e+03]
INFO:root:[    0] Loss: 0.000, MAE: 5.707 [Mem: 3.23e+03]
INFO:root:[   94] train_loss: 0.000, train_mae: 11.945, val_loss: 0.000, val_mae: 6.484
INFO:root:Epoch 95
INFO:root:[    0] Loss: 0.000, MAE: 10.750 [Mem: 3.23e+03]
INFO:root:[    0] Loss: 0.000, MAE: 5.832 [Mem: 3.23e+03]
INFO:root:[   95] train_loss: 0.000, train_mae: 8.859, val_loss: 0.000, val_mae: 7.047
INFO:root:Epoch 96
INFO:root:[    0] Loss: 0.000, MAE: 9.609 [Mem: 3.23e+03]
INFO:root:[    0] Loss: 0.000, MAE: 5.469 [Mem: 3.23e+03]
INFO:root:[   96] train_loss: 0.000, train_mae: 9.422, val_loss: 0.000, val_mae: 6.867
INFO:root:Epoch 97
INFO:root:[    0] Loss: 0.000, MAE: 9.672 [Mem: 3.23e+03]
INFO:root:[    0] Loss: 0.000, MAE: 4.883 [Mem: 3.23e+03]
INFO:root:[   97] train_loss: 0.000, train_mae: 11.016, val_loss: 0.000, val_mae: 6.703
INFO:root:Epoch 98
INFO:root:[    0] Loss: 0.000, MAE: 10.172 [Mem: 3.23e+03]
INFO:root:[    0] Loss: 0.000, MAE: 5.137 [Mem: 3.23e+03]
INFO:root:[   98] train_loss: 0.000, train_mae: 9.805, val_loss: 0.000, val_mae: 7.133
INFO:root:Epoch 99
INFO:root:[    0] Loss: 0.000, MAE: 10.070 [Mem: 3.23e+03]
INFO:root:[    0] Loss: 0.000, MAE: 7.262 [Mem: 3.23e+03]
INFO:root:[   99] train_loss: 0.000, train_mae: 8.547, val_loss: 0.000, val_mae: 9.016
INFO:root:Epoch 100
INFO:root:[    0] Loss: 0.000, MAE: 7.723 [Mem: 3.23e+03]
INFO:root:[    0] Loss: 0.000, MAE: 4.402 [Mem: 3.23e+03]
INFO:root:[  100] train_loss: 0.000, train_mae: 8.492, val_loss: 0.000, val_mae: 6.246
INFO:root:Epoch 101
INFO:root:[    0] Loss: 0.000, MAE: 9.523 [Mem: 3.23e+03]
INFO:root:[    0] Loss: 0.000, MAE: 5.230 [Mem: 3.23e+03]
INFO:root:[  101] train_loss: 0.000, train_mae: 10.164, val_loss: 0.000, val_mae: 6.609
INFO:root:Epoch 102
INFO:root:[    0] Loss: 0.000, MAE: 10.586 [Mem: 3.23e+03]
INFO:root:[    0] Loss: 0.000, MAE: 4.867 [Mem: 3.23e+03]
INFO:root:[  102] train_loss: 0.000, train_mae: 7.957, val_loss: 0.000, val_mae: 6.996
INFO:root:Epoch 103
INFO:root:[    0] Loss: 0.000, MAE: 9.766 [Mem: 3.23e+03]
INFO:root:[    0] Loss: 0.000, MAE: 4.641 [Mem: 3.23e+03]
INFO:root:[  103] train_loss: 0.000, train_mae: 12.164, val_loss: 0.000, val_mae: 6.527
INFO:root:Epoch 104
INFO:root:[    0] Loss: 0.000, MAE: 8.742 [Mem: 3.23e+03]
INFO:root:[    0] Loss: 0.000, MAE: 4.516 [Mem: 3.23e+03]
INFO:root:[  104] train_loss: 0.000, train_mae: 9.820, val_loss: 0.000, val_mae: 6.355
INFO:root:Epoch 105
INFO:root:[    0] Loss: 0.000, MAE: 7.367 [Mem: 3.23e+03]
INFO:root:[    0] Loss: 0.000, MAE: 4.637 [Mem: 3.23e+03]
INFO:root:[  105] train_loss: 0.000, train_mae: 9.703, val_loss: 0.000, val_mae: 6.227
INFO:root:Epoch 106
INFO:root:[    0] Loss: 0.000, MAE: 10.031 [Mem: 3.23e+03]
INFO:root:[    0] Loss: 0.000, MAE: 4.941 [Mem: 3.23e+03]
INFO:root:[  106] train_loss: 0.000, train_mae: 10.039, val_loss: 0.000, val_mae: 5.988
INFO:root:Epoch 107
INFO:root:[    0] Loss: 0.000, MAE: 9.602 [Mem: 3.23e+03]
INFO:root:[    0] Loss: 0.000, MAE: 4.617 [Mem: 3.23e+03]
INFO:root:[  107] train_loss: 0.000, train_mae: 10.883, val_loss: 0.000, val_mae: 6.559
INFO:root:Epoch 108
INFO:root:[    0] Loss: 0.000, MAE: 10.398 [Mem: 3.23e+03]
INFO:root:[    0] Loss: 0.000, MAE: 5.996 [Mem: 3.23e+03]
INFO:root:[  108] train_loss: 0.000, train_mae: 5.973, val_loss: 0.000, val_mae: 7.965
INFO:root:Epoch 109
INFO:root:[    0] Loss: 0.000, MAE: 8.391 [Mem: 3.23e+03]
INFO:root:[    0] Loss: 0.000, MAE: 5.211 [Mem: 3.23e+03]
INFO:root:[  109] train_loss: 0.000, train_mae: 9.930, val_loss: 0.000, val_mae: 6.984
INFO:root:Epoch 110
INFO:root:[    0] Loss: 0.000, MAE: 8.742 [Mem: 3.23e+03]
INFO:root:[    0] Loss: 0.000, MAE: 4.566 [Mem: 3.23e+03]
INFO:root:[  110] train_loss: 0.000, train_mae: 9.945, val_loss: 0.000, val_mae: 6.000
INFO:root:Epoch 111
INFO:root:[    0] Loss: 0.000, MAE: 9.109 [Mem: 3.23e+03]
INFO:root:[    0] Loss: 0.000, MAE: 5.438 [Mem: 3.23e+03]
INFO:root:[  111] train_loss: 0.000, train_mae: 9.164, val_loss: 0.000, val_mae: 7.289
INFO:root:Epoch 112
INFO:root:[    0] Loss: 0.000, MAE: 9.344 [Mem: 3.23e+03]
INFO:root:[    0] Loss: 0.000, MAE: 5.504 [Mem: 3.23e+03]
INFO:root:[  112] train_loss: 0.000, train_mae: 9.094, val_loss: 0.000, val_mae: 7.207
INFO:root:Epoch 113
INFO:root:[    0] Loss: 0.000, MAE: 7.238 [Mem: 3.23e+03]
INFO:root:[    0] Loss: 0.000, MAE: 4.945 [Mem: 3.23e+03]
INFO:root:[  113] train_loss: 0.000, train_mae: 9.352, val_loss: 0.000, val_mae: 6.625
INFO:root:Epoch 114
INFO:root:[    0] Loss: 0.000, MAE: 10.227 [Mem: 3.23e+03]
INFO:root:[    0] Loss: 0.000, MAE: 4.730 [Mem: 3.23e+03]
INFO:root:[  114] train_loss: 0.000, train_mae: 8.953, val_loss: 0.000, val_mae: 6.512
INFO:root:Epoch 115
INFO:root:[    0] Loss: 0.000, MAE: 8.961 [Mem: 3.23e+03]
INFO:root:[    0] Loss: 0.000, MAE: 4.793 [Mem: 3.23e+03]
INFO:root:[  115] train_loss: 0.000, train_mae: 9.938, val_loss: 0.000, val_mae: 6.820
INFO:root:Epoch 116
INFO:root:[    0] Loss: 0.000, MAE: 7.980 [Mem: 3.23e+03]
INFO:root:[    0] Loss: 0.000, MAE: 4.730 [Mem: 3.23e+03]
INFO:root:[  116] train_loss: 0.000, train_mae: 10.508, val_loss: 0.000, val_mae: 7.070
INFO:root:Epoch 117
INFO:root:[    0] Loss: 0.000, MAE: 7.105 [Mem: 3.23e+03]
INFO:root:[    0] Loss: 0.000, MAE: 5.094 [Mem: 3.23e+03]
INFO:root:[  117] train_loss: 0.000, train_mae: 8.695, val_loss: 0.000, val_mae: 7.324
INFO:root:Epoch 118
INFO:root:[    0] Loss: 0.000, MAE: 9.555 [Mem: 3.23e+03]
INFO:root:[    0] Loss: 0.000, MAE: 4.480 [Mem: 3.23e+03]
INFO:root:[  118] train_loss: 0.000, train_mae: 9.336, val_loss: 0.000, val_mae: 6.703
INFO:root:Epoch 119
INFO:root:[    0] Loss: 0.000, MAE: 9.695 [Mem: 3.23e+03]
INFO:root:[    0] Loss: 0.000, MAE: 5.285 [Mem: 3.23e+03]
INFO:root:[  119] train_loss: 0.000, train_mae: 9.562, val_loss: 0.000, val_mae: 7.145
INFO:root:Epoch 120
INFO:root:[    0] Loss: 0.000, MAE: 7.523 [Mem: 3.23e+03]
INFO:root:[    0] Loss: 0.000, MAE: 5.742 [Mem: 3.23e+03]
INFO:root:[  120] train_loss: 0.000, train_mae: 9.211, val_loss: 0.000, val_mae: 7.352
INFO:root:Epoch 121
INFO:root:[    0] Loss: 0.000, MAE: 8.078 [Mem: 3.23e+03]
INFO:root:[    0] Loss: 0.000, MAE: 4.480 [Mem: 3.23e+03]
INFO:root:[  121] train_loss: 0.000, train_mae: 11.844, val_loss: 0.000, val_mae: 6.105
INFO:root:Epoch 122
INFO:root:[    0] Loss: 0.000, MAE: 9.242 [Mem: 3.23e+03]
INFO:root:[    0] Loss: 0.000, MAE: 5.340 [Mem: 3.23e+03]
INFO:root:[  122] train_loss: 0.000, train_mae: 9.227, val_loss: 0.000, val_mae: 7.168
INFO:root:Epoch 123
INFO:root:[    0] Loss: 0.000, MAE: 8.711 [Mem: 3.23e+03]
INFO:root:[    0] Loss: 0.000, MAE: 4.969 [Mem: 3.23e+03]
INFO:root:[  123] train_loss: 0.000, train_mae: 7.992, val_loss: 0.000, val_mae: 6.953
INFO:root:Epoch 124
INFO:root:[    0] Loss: 0.000, MAE: 8.320 [Mem: 3.23e+03]
INFO:root:[    0] Loss: 0.000, MAE: 4.812 [Mem: 3.23e+03]
INFO:root:[  124] train_loss: 0.000, train_mae: 8.320, val_loss: 0.000, val_mae: 6.723
INFO:root:Epoch 125
INFO:root:[    0] Loss: 0.000, MAE: 8.336 [Mem: 3.23e+03]
INFO:root:[    0] Loss: 0.000, MAE: 5.031 [Mem: 3.23e+03]
INFO:root:[  125] train_loss: 0.000, train_mae: 8.375, val_loss: 0.000, val_mae: 7.090
INFO:root:Epoch 126
INFO:root:[    0] Loss: 0.000, MAE: 7.203 [Mem: 3.23e+03]
INFO:root:[    0] Loss: 0.000, MAE: 5.059 [Mem: 3.23e+03]
INFO:root:[  126] train_loss: 0.000, train_mae: 11.109, val_loss: 0.000, val_mae: 7.047
INFO:root:Epoch 127
INFO:root:[    0] Loss: 0.000, MAE: 7.629 [Mem: 3.23e+03]
INFO:root:[    0] Loss: 0.000, MAE: 5.066 [Mem: 3.23e+03]
INFO:root:[  127] train_loss: 0.000, train_mae: 9.375, val_loss: 0.000, val_mae: 6.855
INFO:root:Epoch 128
INFO:root:[    0] Loss: 0.000, MAE: 7.879 [Mem: 3.23e+03]
INFO:root:[    0] Loss: 0.000, MAE: 5.586 [Mem: 3.23e+03]
INFO:root:[  128] train_loss: 0.000, train_mae: 6.742, val_loss: 0.000, val_mae: 7.066
INFO:root:Epoch 129
INFO:root:[    0] Loss: 0.000, MAE: 8.375 [Mem: 3.23e+03]
INFO:root:[    0] Loss: 0.000, MAE: 5.180 [Mem: 3.23e+03]
INFO:root:[  129] train_loss: 0.000, train_mae: 10.055, val_loss: 0.000, val_mae: 6.602
INFO:root:Epoch 130
INFO:root:[    0] Loss: 0.000, MAE: 9.125 [Mem: 3.23e+03]
INFO:root:[    0] Loss: 0.000, MAE: 4.715 [Mem: 3.23e+03]
INFO:root:[  130] train_loss: 0.000, train_mae: 11.039, val_loss: 0.000, val_mae: 6.340
INFO:root:Epoch 131
INFO:root:[    0] Loss: 0.000, MAE: 10.047 [Mem: 3.23e+03]
INFO:root:[    0] Loss: 0.000, MAE: 4.969 [Mem: 3.23e+03]
INFO:root:[  131] train_loss: 0.000, train_mae: 8.727, val_loss: 0.000, val_mae: 6.652
INFO:root:Epoch 132
INFO:root:[    0] Loss: 0.000, MAE: 11.305 [Mem: 3.23e+03]
INFO:root:[    0] Loss: 0.000, MAE: 5.730 [Mem: 3.23e+03]
INFO:root:[  132] train_loss: 0.000, train_mae: 9.086, val_loss: 0.000, val_mae: 7.469
INFO:root:Epoch 133
INFO:root:[    0] Loss: 0.000, MAE: 8.789 [Mem: 3.23e+03]
INFO:root:[    0] Loss: 0.000, MAE: 5.504 [Mem: 3.23e+03]
INFO:root:[  133] train_loss: 0.000, train_mae: 10.961, val_loss: 0.000, val_mae: 7.242
INFO:root:Epoch 134
INFO:root:[    0] Loss: 0.000, MAE: 7.582 [Mem: 3.23e+03]
INFO:root:[    0] Loss: 0.000, MAE: 4.922 [Mem: 3.23e+03]
INFO:root:[  134] train_loss: 0.000, train_mae: 9.742, val_loss: 0.000, val_mae: 6.699
INFO:root:Epoch 135
INFO:root:[    0] Loss: 0.000, MAE: 7.875 [Mem: 3.23e+03]
INFO:root:[    0] Loss: 0.000, MAE: 4.840 [Mem: 3.23e+03]
INFO:root:[  135] train_loss: 0.000, train_mae: 10.711, val_loss: 0.000, val_mae: 6.652
INFO:root:Epoch 136
INFO:root:[    0] Loss: 0.000, MAE: 10.680 [Mem: 3.23e+03]
INFO:root:[    0] Loss: 0.000, MAE: 5.242 [Mem: 3.23e+03]
INFO:root:[  136] train_loss: 0.000, train_mae: 8.555, val_loss: 0.000, val_mae: 7.113
INFO:root:Epoch 137
INFO:root:[    0] Loss: 0.000, MAE: 7.891 [Mem: 3.23e+03]
INFO:root:[    0] Loss: 0.000, MAE: 4.918 [Mem: 3.23e+03]
INFO:root:[  137] train_loss: 0.000, train_mae: 8.312, val_loss: 0.000, val_mae: 6.848
INFO:root:Epoch 138
INFO:root:[    0] Loss: 0.000, MAE: 7.902 [Mem: 3.23e+03]
INFO:root:[    0] Loss: 0.000, MAE: 4.828 [Mem: 3.23e+03]
INFO:root:[  138] train_loss: 0.000, train_mae: 8.570, val_loss: 0.000, val_mae: 6.703
INFO:root:Epoch 139
INFO:root:[    0] Loss: 0.000, MAE: 8.773 [Mem: 3.23e+03]
INFO:root:[    0] Loss: 0.000, MAE: 4.906 [Mem: 3.23e+03]
INFO:root:[  139] train_loss: 0.000, train_mae: 10.367, val_loss: 0.000, val_mae: 6.805
INFO:root:Epoch 140
INFO:root:[    0] Loss: 0.000, MAE: 8.547 [Mem: 3.23e+03]
INFO:root:[    0] Loss: 0.000, MAE: 5.141 [Mem: 3.23e+03]
INFO:root:[  140] train_loss: 0.000, train_mae: 10.422, val_loss: 0.000, val_mae: 7.074
INFO:root:Epoch 141
INFO:root:[    0] Loss: 0.000, MAE: 8.031 [Mem: 3.23e+03]
INFO:root:[    0] Loss: 0.000, MAE: 5.059 [Mem: 3.23e+03]
INFO:root:[  141] train_loss: 0.000, train_mae: 8.406, val_loss: 0.000, val_mae: 6.961
INFO:root:Epoch 142
INFO:root:[    0] Loss: 0.000, MAE: 7.691 [Mem: 3.23e+03]
INFO:root:[    0] Loss: 0.000, MAE: 5.059 [Mem: 3.23e+03]
INFO:root:[  142] train_loss: 0.000, train_mae: 7.527, val_loss: 0.000, val_mae: 6.934
INFO:root:Epoch 143
INFO:root:[    0] Loss: 0.000, MAE: 8.141 [Mem: 3.23e+03]
INFO:root:[    0] Loss: 0.000, MAE: 5.082 [Mem: 3.23e+03]
INFO:root:[  143] train_loss: 0.000, train_mae: 9.391, val_loss: 0.000, val_mae: 6.945
INFO:root:Epoch 144
INFO:root:[    0] Loss: 0.000, MAE: 7.926 [Mem: 3.23e+03]
INFO:root:[    0] Loss: 0.000, MAE: 5.062 [Mem: 3.23e+03]
INFO:root:[  144] train_loss: 0.000, train_mae: 7.629, val_loss: 0.000, val_mae: 6.914
INFO:root:Epoch 145
INFO:root:[    0] Loss: 0.000, MAE: 8.703 [Mem: 3.23e+03]
INFO:root:[    0] Loss: 0.000, MAE: 5.051 [Mem: 3.23e+03]
INFO:root:[  145] train_loss: 0.000, train_mae: 10.086, val_loss: 0.000, val_mae: 6.910
INFO:root:Epoch 146
INFO:root:[    0] Loss: 0.000, MAE: 7.535 [Mem: 3.23e+03]
INFO:root:[    0] Loss: 0.000, MAE: 5.027 [Mem: 3.23e+03]
INFO:root:[  146] train_loss: 0.000, train_mae: 7.480, val_loss: 0.000, val_mae: 6.887
INFO:root:Epoch 147
INFO:root:[    0] Loss: 0.000, MAE: 7.422 [Mem: 3.23e+03]
INFO:root:[    0] Loss: 0.000, MAE: 5.023 [Mem: 3.23e+03]
INFO:root:[  147] train_loss: 0.000, train_mae: 8.602, val_loss: 0.000, val_mae: 6.879
INFO:root:Epoch 148
INFO:root:[    0] Loss: 0.000, MAE: 7.141 [Mem: 3.23e+03]
INFO:root:[    0] Loss: 0.000, MAE: 5.031 [Mem: 3.23e+03]
INFO:root:[  148] train_loss: 0.000, train_mae: 9.086, val_loss: 0.000, val_mae: 6.883
INFO:root:Epoch 149
INFO:root:[    0] Loss: 0.000, MAE: 9.609 [Mem: 3.23e+03]
INFO:root:[    0] Loss: 0.000, MAE: 5.031 [Mem: 3.23e+03]
INFO:root:[  149] train_loss: 0.000, train_mae: 8.359, val_loss: 0.000, val_mae: 6.887
INFO:root:Epoch 150
INFO:root:[    0] Loss: 0.000, MAE: 10.336 [Mem: 3.23e+03]
INFO:root:[    0] Loss: 0.000, MAE: 5.031 [Mem: 3.23e+03]
INFO:root:[  150] train_loss: 0.000, train_mae: 7.445, val_loss: 0.000, val_mae: 6.883
[1;34mwandb[0m: 
[1;34mwandb[0m: You can sync this run to the cloud by running:
[1;34mwandb[0m: [1mwandb sync /local_data/sean_hasitha/sean/VJEPA/jepa/wandb/offline-run-20250506_164241-0zifu8au[0m
[1;34mwandb[0m: Find logs at: [1;35mwandb/offline-run-20250506_164241-0zifu8au/logs[0m
[rank0]:[W506 17:09:49.757371770 ProcessGroupNCCL.cpp:1496] Warning: WARNING: destroy_process_group() was not called before program exit, which can leak resources. For more info, please see https://pytorch.org/docs/stable/distributed.html#shutdown (function operator())
